2022-06-30 16:45:05,602 excel_driver.py INFO <module> 当前正在执行:启动Chrome浏览器
2022-06-30 16:45:07,464 excel_driver.py INFO <module> 当前正在执行:访问地址
2022-06-30 16:45:08,257 excel_driver.py INFO <module> 当前正在执行:输入用户名
2022-06-30 16:45:08,339 excel_driver.py INFO <module> 当前正在执行:输入密码
2022-06-30 16:45:08,386 excel_driver.py INFO <module> 当前正在执行:点击登录
2022-07-01 10:00:58,156 excel_driver.py INFO <module> 当前正在执行:启动Chrome浏览器
2022-07-01 10:01:00,517 excel_driver.py INFO <module> 当前正在执行:访问地址
2022-07-01 10:01:01,259 excel_driver.py INFO <module> 当前正在执行:输入用户名
2022-07-01 10:01:01,377 excel_driver.py INFO <module> 当前正在执行:输入密码
2022-07-01 10:01:01,437 excel_driver.py INFO <module> 当前正在执行:点击登录
2022-07-01 10:01:01,588 excel_driver.py INFO <module> 当前正在执行:获取的结果是否包含预期结果
2022-07-01 10:59:46,576 excel_driver.py INFO <module> 当前正在执行:启动Chrome浏览器
2022-07-01 10:59:48,860 excel_driver.py INFO <module> 当前正在执行:访问地址
2022-07-01 10:59:49,710 excel_driver.py INFO <module> 当前正在执行:输入用户名
2022-07-01 10:59:49,830 excel_driver.py INFO <module> 当前正在执行:输入密码
2022-07-01 10:59:49,902 excel_driver.py INFO <module> 当前正在执行:点击登录
2022-07-01 10:59:50,071 excel_driver.py INFO <module> 当前正在执行:获取的结果是否包含预期结果
2022-07-01 10:59:51,177 excel_driver.py INFO <module> 当前正在执行:启动Chrome浏览器
2022-07-01 11:47:02,658 excel_driver.py INFO <module> 当前正在执行:启动Chrome浏览器
2022-07-01 11:47:04,806 excel_driver.py INFO <module> 当前正在执行:访问地址
2022-07-01 11:47:05,528 excel_driver.py INFO <module> 当前正在执行:输入用户名
2022-07-01 11:47:05,605 excel_driver.py INFO <module> 当前正在执行:输入密码
2022-07-01 11:47:05,657 excel_driver.py INFO <module> 当前正在执行:点击登录
2022-07-01 11:47:05,762 excel_driver.py INFO <module> 当前正在执行:获取的结果是否包含预期结果
2022-07-01 11:48:20,394 excel_driver.py INFO <module> 当前正在执行:启动Chrome浏览器
2022-07-01 11:48:22,558 excel_driver.py INFO <module> 当前正在执行:访问地址
2022-07-01 11:48:23,984 excel_driver.py INFO <module> 当前正在执行:输入用户名
2022-07-01 11:48:24,076 excel_driver.py INFO <module> 当前正在执行:输入密码
2022-07-01 11:48:24,141 excel_driver.py INFO <module> 当前正在执行:点击登录
2022-07-01 11:48:24,275 excel_driver.py INFO <module> 当前正在执行:获取的结果是否包含预期结果
2022-07-01 11:50:17,353 excel_driver.py INFO <module> 当前正在执行:启动Chrome浏览器
2022-07-01 11:50:19,602 excel_driver.py INFO <module> 当前正在执行:访问地址
2022-07-01 11:50:20,666 excel_driver.py INFO <module> 当前正在执行:输入用户名
2022-07-01 11:50:20,743 excel_driver.py INFO <module> 当前正在执行:输入密码
2022-07-01 11:50:20,796 excel_driver.py INFO <module> 当前正在执行:点击登录
2022-07-01 11:50:20,953 excel_driver.py INFO <module> 当前正在执行:获取的结果是否包含预期结果
2022-07-01 11:50:32,110 excel_driver.py INFO <module> 当前正在执行:启动Chrome浏览器
2022-07-01 11:57:11,895 excel_driver.py INFO <module> 当前正在执行:启动Chrome浏览器
2022-07-01 11:57:13,934 excel_driver.py INFO <module> 当前正在执行:访问地址
2022-07-01 11:57:14,613 excel_driver.py INFO <module> 当前正在执行:输入用户名
2022-07-01 11:57:14,683 excel_driver.py INFO <module> 当前正在执行:输入密码
2022-07-01 11:57:14,734 excel_driver.py INFO <module> 当前正在执行:点击登录
2022-07-01 11:57:14,846 excel_driver.py INFO <module> 当前正在执行:获取的结果是否包含预期结果
2022-07-01 11:57:16,020 excel_driver.py INFO <module> 当前正在执行:启动Chrome浏览器
2022-07-01 11:58:12,015 excel_driver.py INFO <module> 当前正在执行:启动Chrome浏览器
2022-07-01 11:58:14,025 excel_driver.py INFO <module> 当前正在执行:访问地址
2022-07-01 11:58:14,645 excel_driver.py INFO <module> 当前正在执行:输入用户名
2022-07-01 11:58:14,756 excel_driver.py INFO <module> 当前正在执行:输入密码
2022-07-01 11:58:14,814 excel_driver.py INFO <module> 当前正在执行:点击登录
2022-07-01 11:58:14,942 excel_driver.py INFO <module> 当前正在执行:获取的结果是否包含预期结果
2022-07-01 11:58:19,172 excel_driver.py INFO <module> 当前正在执行:启动Chrome浏览器
2022-07-01 12:01:02,145 excel_driver.py INFO <module> 当前正在执行:启动Chrome浏览器
2022-07-01 12:01:04,129 excel_driver.py INFO <module> 当前正在执行:访问地址
2022-07-01 12:01:04,892 excel_driver.py INFO <module> 当前正在执行:输入用户名
2022-07-01 12:01:04,964 excel_driver.py INFO <module> 当前正在执行:输入密码
2022-07-01 12:01:05,010 excel_driver.py INFO <module> 当前正在执行:点击登录
2022-07-01 12:01:05,105 excel_driver.py INFO <module> 当前正在执行:获取的结果是否包含预期结果
2022-07-01 12:01:13,125 excel_driver.py INFO <module> 当前正在执行:启动Chrome浏览器
2022-07-01 12:01:50,966 excel_driver.py INFO <module> 当前正在执行:启动Chrome浏览器
2022-07-01 12:01:53,172 excel_driver.py INFO <module> 当前正在执行:访问地址
2022-07-01 12:01:53,912 excel_driver.py INFO <module> 当前正在执行:输入用户名
2022-07-01 12:01:53,987 excel_driver.py INFO <module> 当前正在执行:输入密码
2022-07-01 12:01:54,042 excel_driver.py INFO <module> 当前正在执行:点击登录
2022-07-01 12:01:54,172 excel_driver.py INFO <module> 当前正在执行:获取的结果是否包含预期结果
2022-07-01 12:02:01,638 excel_driver.py INFO <module> 当前正在执行:启动Chrome浏览器
